[INFO] 2020-09-11 10:30:05,064  Receive Msg: listen_port 9003

[INFO] 2020-09-11 10:30:05,159  Renix api initialization finished
[INFO] 2020-09-11 10:30:08,212  create ports with location:
[INFO] 2020-09-11 10:30:16,873  StreamPortConfig_1 has lower: InterFrameGapProfile_1
[INFO] 2020-09-11 10:30:16,880  StreamPortConfig_2 has lower: InterFrameGapProfile_2
[INFO] 2020-09-11 10:30:16,909  port(//192.168.0.180/1/1) create streams
[INFO] 2020-09-11 10:30:17,179  port(//192.168.0.180/1/2) create streams
[INFO] 2020-09-11 10:30:17,820  EthCopper_1 has lower: EthCopperConfig_1
[INFO] 2020-09-11 10:30:17,826  EthCopper_2 has lower: EthCopperConfig_2
[INFO] 2020-09-11 10:30:17,829  EthCopper_2 has lower: EthCopperConfig_2
[INFO] 2020-09-11 10:30:17,832  EthCopper_1 has lower: EthCopperConfig_1
[INFO] 2020-09-11 10:30:27,835  EthCopper_2 has lower: EthCopperConfig_2
[INFO] 2020-09-11 10:30:27,837  EthCopper_1 has lower: EthCopperConfig_1
[INFO] 2020-09-11 10:30:37,839  EthCopper_2 has lower: EthCopperConfig_2
[INFO] 2020-09-11 10:30:37,842  EthCopper_1 has lower: EthCopperConfig_1
[INFO] 2020-09-11 10:30:47,845  EthCopper_2 has lower: EthCopperConfig_2
[INFO] 2020-09-11 10:30:47,847  EthCopper_1 has lower: EthCopperConfig_1
[INFO] 2020-09-11 10:30:48,009  PageResultView_1 has lower: ResultQuery_1
[INFO] 2020-09-11 10:31:03,951  ResultQuery_1 has lower: StreamBlockStats_1 StreamBlockStats_2
[INFO] 2020-09-11 10:31:04,060  close connection to CL
